/home/huangweichen/qsearch/crawl.py:3: DeprecationWarning: 
Pyarrow will become a required dependency of pandas in the next major release of pandas (pandas 3.0),
(to allow more performant data types, such as the Arrow string type, and better interoperability with other libraries)
but was not found to be installed on your system.
If this would cause problems for you,
please provide us feedback at https://github.com/pandas-dev/pandas/issues/54466
        
  import pandas as pd
------------------------------------------------------------------------------------------------------------------------
Number of getting stats after 2024-01-29 13:00:00 :  8
------------------------------------------------------------------------------------------------------------------------
                date |                   id |  collect |  comment |     like |       play | share | title             
------------------------------------------------------------------------------------------------------------------------
 2024-01-31 07:43:44 |  7330164932610100485 |        8 |        3 |      167 |       5658 |    13 | 吸油面紙這發想也太酷     
 2024-01-31 03:52:32 |  7330105355642490118 |        8 |        0 |      132 |       2367 |     3 | 拒絕總是如此突然 |     
 2024-01-30 09:00:00 |  7329724358304337153 |      102 |       29 |     1324 |      34000 |   228 | 眼睛快要掉出來了啦X     
 2024-01-30 05:00:00 |  7329724145392995586 |     1030 |       63 |    11900 |     217700 |  1188 | 我嚇我自己，是個狠人     
 2024-01-30 03:11:19 |  7329723635936021761 |       87 |       13 |     1742 |      68100 |   154 | 這保溫應該會熱騰騰的     
 2024-01-30 02:00:00 |  7329460326351588616 |       10 |        5 |      211 |      12300 |    15 | 員警攔查四海幫海雲堂     
 2024-01-30 00:00:00 |  7329411294765894913 |       72 |       33 |     1955 |      85500 |    88 | 這個鬼蹭...我到底     
 2024-01-29 14:00:00 |  7329459501197774087 |        6 |        0 |       98 |       5836 |     3 | 藝人炎亞綸現身士林地     

Successfully export data to data/1706698807.csv

